<?xml version="1.0" encoding="UTF-8"?>
<testsuite name="com.mindex.challenge.service.impl.ReportingStructureServiceImplTest" tests="1" skipped="0" failures="0" errors="0" timestamp="2024-01-07T02:06:44" hostname="DESKTOP-H8B0SJH" time="0.003">
  <properties/>
  <testcase name="findReportingStructureTest" classname="com.mindex.challenge.service.impl.ReportingStructureServiceImplTest" time="0.003"/>
  <system-out><![CDATA[]]></system-out>
  <system-err><![CDATA[]]></system-err>
</testsuite>
